<?xml version="1.0" encoding="UTF-8"?>
<!-- Generated by org.testng.reporters.JUnitReportReporter -->
<testsuite skipped="0" hostname="LP-5CD6518SSZ" name="com.test.cases.TestCase1" tests="1" failures="0" timestamp="15 Mar 2019 06:37:44 GMT" time="326.662" errors="0">
  <testcase name="TC01" time="326.662" classname="com.test.cases.TestCase1"/>
</testsuite> <!-- com.test.cases.TestCase1 -->
