<?xml version="1.0" encoding="UTF-8"?>
<!-- Generated by org.testng.reporters.JUnitReportReporter -->
<testsuite skipped="0" hostname="LP-5CD6518SSZ" name="com.test.cases.TestCase2" tests="1" failures="0" timestamp="15 Mar 2019 06:59:20 GMT" time="106.396" errors="0">
  <testcase name="TC02" time="106.396" classname="com.test.cases.TestCase2"/>
</testsuite> <!-- com.test.cases.TestCase2 -->
